2024-08-01 13:32:10,370 INFO [main] c.e.d.a.a.AccountAop [AccountAop.java:24] login([1, 1])
2024-08-01 13:32:55,538 INFO [main] c.e.d.a.a.AccountAop [AccountAop.java:24] login([1, 1])
2024-08-01 13:35:59,054 INFO [main] c.e.d.a.a.AccountAop [AccountAop.java:24] login([1, 1])
2024-08-01 13:38:57,194 INFO [main] c.e.d.a.a.AccountAop [AccountAop.java:24] login([1, 1])
2024-08-01 13:39:43,956 INFO [main] c.e.d.a.a.AccountAop [AccountAop.java:24] login([1, 1])
2024-08-01 13:40:28,604 INFO [main] c.e.d.a.a.AccountAop [AccountAop.java:24] login([1, 1])
2024-08-01 13:44:38,469 INFO [main] c.e.d.a.a.AccountAop [AccountAop.java:24] login([1, 1])
2024-08-01 13:45:22,549 INFO [main] c.e.d.a.a.AccountAop [AccountAop.java:24] login([1, 1])
2024-08-01 13:45:48,905 INFO [main] c.e.d.a.a.AccountAop [AccountAop.java:24] login([1, 1])
2024-08-01 13:46:48,607 INFO [main] c.e.d.a.a.AccountAop [AccountAop.java:24] login([1, 1])
2024-08-01 13:48:36,702 INFO [main] c.e.d.a.a.AccountAop [AccountAop.java:24] login([1, 1])
2024-08-01 14:45:52,047 INFO [main] c.e.d.a.a.AccountAop [AccountAop.java:24] login([1, 1])
2024-08-01 14:47:28,137 INFO [main] c.e.d.a.a.AccountAop [AccountAop.java:24] login([1, 1])
2024-08-01 15:11:39,969 INFO [main] c.e.d.a.a.AccountAop [AccountAop.java:24] login([1, 1])
2024-08-01 15:11:39,973 INFO [main] c.e.d.a.a.AccountAop [AccountAop.java:24] logout([])
2024-08-01 15:17:21,774 INFO [main] c.e.d.a.a.AccountAop [AccountAop.java:24] login([1, password])
2024-08-01 15:17:40,100 INFO [main] c.e.d.a.a.AccountAop [AccountAop.java:24] login([1, 1])
2024-08-01 15:17:40,103 INFO [main] c.e.d.a.a.AccountAop [AccountAop.java:24] logout([])
2024-08-01 15:18:23,443 INFO [main] c.e.d.a.a.AccountAop [AccountAop.java:24] login([1, 1])
2024-08-01 15:18:23,447 INFO [main] c.e.d.a.a.AccountAop [AccountAop.java:24] logout([])
2024-08-01 15:18:36,191 INFO [main] c.e.d.a.a.AccountAop [AccountAop.java:24] login([1, 1])
2024-08-01 15:18:36,194 INFO [main] c.e.d.a.a.AccountAop [AccountAop.java:24] logout([])
2024-08-01 15:18:54,184 INFO [main] c.e.d.a.a.AccountAop [AccountAop.java:24] login([1, 1])
2024-08-01 15:19:10,288 INFO [main] c.e.d.a.a.AccountAop [AccountAop.java:24] login([1, 1])
2024-08-01 15:20:48,672 INFO [main] c.e.d.a.a.AccountAop [AccountAop.java:24] login([1, 1])
2024-08-01 15:20:48,676 INFO [main] c.e.d.a.a.AccountAop [AccountAop.java:24] logout([])
2024-08-01 15:21:23,667 INFO [main] c.e.d.a.a.AccountAop [AccountAop.java:24] login([1, 1])
2024-08-01 15:21:23,671 INFO [main] c.e.d.a.a.AccountAop [AccountAop.java:24] logout([])
2024-08-01 15:21:57,983 INFO [main] c.e.d.a.a.AccountAop [AccountAop.java:24] login([1, 1])
2024-08-01 15:21:57,987 INFO [main] c.e.d.a.a.AccountAop [AccountAop.java:24] logout([])
2024-08-01 15:22:10,125 INFO [main] c.e.d.a.a.AccountAop [AccountAop.java:24] login([1, 1])
2024-08-01 15:22:10,128 INFO [main] c.e.d.a.a.AccountAop [AccountAop.java:24] logout([])
2024-08-01 15:27:17,834 INFO [main] c.e.d.a.a.AccountAop [AccountAop.java:24] login([1, 1])
2024-08-01 15:27:17,838 INFO [main] c.e.d.a.a.AccountAop [AccountAop.java:24] logout([])
2024-08-01 15:27:30,150 INFO [main] c.e.d.a.a.AccountAop [AccountAop.java:24] login([1, 1])
2024-08-01 15:27:30,153 INFO [main] c.e.d.a.a.AccountAop [AccountAop.java:24] logout([])
2024-08-01 15:27:50,802 INFO [main] c.e.d.a.a.AccountAop [AccountAop.java:24] login([1, 1])
2024-08-01 15:30:55,578 INFO [main] c.e.d.a.a.AccountAop [AccountAop.java:24] login([1, 1])
2024-08-01 15:30:55,582 INFO [main] c.e.d.a.a.AccountAop [AccountAop.java:24] logout([])
2024-08-01 15:31:21,993 INFO [main] c.e.d.a.a.AccountAop [AccountAop.java:24] login([1, 1])
2024-08-01 15:31:52,285 INFO [main] c.e.d.a.a.AccountAop [AccountAop.java:24] login([1, 1])
2024-08-01 15:32:30,823 INFO [main] c.e.d.a.a.AccountAop [AccountAop.java:24] login([1, 1])
2024-08-01 15:32:54,662 INFO [main] c.e.d.a.a.AccountAop [AccountAop.java:24] login([1, 1])
2024-08-01 15:35:39,212 INFO [main] c.e.d.a.a.AccountAop [AccountAop.java:24] login([1, 1])
2024-08-01 15:35:39,243 INFO [main] c.e.d.a.a.AccountAop [AccountAop.java:24] login([1, 1])
2024-08-01 15:35:39,244 INFO [main] c.e.d.a.a.AccountAop [AccountAop.java:24] logout([])
2024-08-01 15:38:07,476 INFO [main] c.e.d.a.a.AccountAop [AccountAop.java:24] login([1, 1])
2024-08-01 15:38:07,483 INFO [main] c.e.d.a.a.AccountAop [AccountAop.java:24] login([1, 1])
2024-08-01 15:38:18,737 INFO [main] c.e.d.a.a.AccountAop [AccountAop.java:24] login([1, 1])
2024-08-01 15:38:18,749 INFO [main] c.e.d.a.a.AccountAop [AccountAop.java:24] login([1, 1])
2024-08-01 15:38:18,773 INFO [main] c.e.d.a.a.AccountAop [AccountAop.java:24] login([1, 1])
2024-08-01 15:38:18,774 INFO [main] c.e.d.a.a.AccountAop [AccountAop.java:24] logout([])
2024-08-01 15:38:18,890 INFO [main] c.e.d.a.a.AccountAop [AccountAop.java:24] login([1, 1])
2024-08-01 15:38:18,895 INFO [main] c.e.d.a.a.AccountAop [AccountAop.java:24] login([1, 1])
2024-08-01 15:38:18,910 INFO [main] c.e.d.a.a.AccountAop [AccountAop.java:24] login([1, 1])
2024-08-01 15:38:18,916 INFO [main] c.e.d.a.a.AccountAop [AccountAop.java:24] login([1, 1])
2024-08-01 15:38:18,916 INFO [main] c.e.d.a.a.AccountAop [AccountAop.java:24] logout([])
2024-08-01 15:38:19,027 INFO [main] c.e.d.a.a.AccountAop [AccountAop.java:24] login([1, 1])
2024-08-01 15:38:19,027 INFO [main] c.e.d.a.a.AccountAop [AccountAop.java:24] logout([])
2024-08-01 15:39:02,868 INFO [main] c.e.d.a.a.AccountAop [AccountAop.java:24] login([1, 1])
2024-08-01 15:39:02,879 INFO [main] c.e.d.a.a.AccountAop [AccountAop.java:24] login([1, 1])
2024-08-01 15:39:02,902 INFO [main] c.e.d.a.a.AccountAop [AccountAop.java:24] login([1, 1])
2024-08-01 15:39:02,903 INFO [main] c.e.d.a.a.AccountAop [AccountAop.java:24] logout([])
2024-08-01 15:39:03,043 INFO [main] c.e.d.a.a.AccountAop [AccountAop.java:24] login([1, 1])
2024-08-01 15:39:03,052 INFO [main] c.e.d.a.a.AccountAop [AccountAop.java:24] login([1, 1])
2024-08-01 15:39:03,052 INFO [main] c.e.d.a.a.AccountAop [AccountAop.java:24] logout([])
2024-08-01 15:39:03,068 INFO [main] c.e.d.a.a.AccountAop [AccountAop.java:24] login([1, 1])
2024-08-01 15:39:03,074 INFO [main] c.e.d.a.a.AccountAop [AccountAop.java:24] login([1, 1])
2024-08-01 15:39:03,074 INFO [main] c.e.d.a.a.AccountAop [AccountAop.java:24] logout([])
2024-08-01 15:39:03,179 INFO [main] c.e.d.a.a.AccountAop [AccountAop.java:24] login([1, 1])
2024-08-01 15:39:03,179 INFO [main] c.e.d.a.a.AccountAop [AccountAop.java:24] logout([])
2024-08-01 15:39:18,062 INFO [main] c.e.d.a.a.AccountAop [AccountAop.java:24] login([1, 1])
2024-08-01 15:39:18,071 INFO [main] c.e.d.a.a.AccountAop [AccountAop.java:24] login([1, 1])
2024-08-01 15:39:18,095 INFO [main] c.e.d.a.a.AccountAop [AccountAop.java:24] login([1, 1])
2024-08-01 15:39:18,096 INFO [main] c.e.d.a.a.AccountAop [AccountAop.java:24] logout([])
2024-08-01 15:39:18,232 INFO [main] c.e.d.a.a.AccountAop [AccountAop.java:24] login([1, 1])
2024-08-01 15:39:18,242 INFO [main] c.e.d.a.a.AccountAop [AccountAop.java:24] login([1, 1])
2024-08-01 15:39:18,242 INFO [main] c.e.d.a.a.AccountAop [AccountAop.java:24] logout([])
2024-08-01 15:39:18,256 INFO [main] c.e.d.a.a.AccountAop [AccountAop.java:24] login([1, 1])
2024-08-01 15:39:18,262 INFO [main] c.e.d.a.a.AccountAop [AccountAop.java:24] login([1, 1])
2024-08-01 15:39:18,263 INFO [main] c.e.d.a.a.AccountAop [AccountAop.java:24] logout([])
2024-08-01 15:39:18,367 INFO [main] c.e.d.a.a.AccountAop [AccountAop.java:24] login([1, 1])
2024-08-01 15:39:18,367 INFO [main] c.e.d.a.a.AccountAop [AccountAop.java:24] logout([])
2024-08-01 15:40:24,215 INFO [main] c.e.d.a.a.AccountAop [AccountAop.java:24] login([1, 1])
2024-08-01 15:40:24,228 INFO [main] c.e.d.a.a.AccountAop [AccountAop.java:24] login([1, 1])
2024-08-01 15:40:24,252 INFO [main] c.e.d.a.a.AccountAop [AccountAop.java:24] login([1, 1])
2024-08-01 15:40:24,253 INFO [main] c.e.d.a.a.AccountAop [AccountAop.java:24] logout([])
2024-08-01 15:40:24,386 INFO [main] c.e.d.a.a.AccountAop [AccountAop.java:24] login([1, 1])
2024-08-01 15:40:24,396 INFO [main] c.e.d.a.a.AccountAop [AccountAop.java:24] login([1, 1])
2024-08-01 15:40:24,396 INFO [main] c.e.d.a.a.AccountAop [AccountAop.java:24] logout([])
2024-08-01 15:40:24,409 INFO [main] c.e.d.a.a.AccountAop [AccountAop.java:24] login([1, 1])
2024-08-01 15:40:24,415 INFO [main] c.e.d.a.a.AccountAop [AccountAop.java:24] login([1, 1])
2024-08-01 15:40:24,415 INFO [main] c.e.d.a.a.AccountAop [AccountAop.java:24] logout([])
2024-08-01 15:40:24,525 INFO [main] c.e.d.a.a.AccountAop [AccountAop.java:24] login([1, 1])
2024-08-01 15:40:24,525 INFO [main] c.e.d.a.a.AccountAop [AccountAop.java:24] logout([])
2024-08-01 15:46:32,271 INFO [main] c.e.d.a.a.AccountAop [AccountAop.java:24] login([1, 1])
2024-08-01 15:46:32,283 INFO [main] c.e.d.a.a.AccountAop [AccountAop.java:24] login([1, 1])
2024-08-01 15:46:32,306 INFO [main] c.e.d.a.a.AccountAop [AccountAop.java:24] login([1, 1])
2024-08-01 15:46:32,307 INFO [main] c.e.d.a.a.AccountAop [AccountAop.java:24] logout([])
2024-08-01 15:46:32,457 INFO [main] c.e.d.a.a.AccountAop [AccountAop.java:24] login([1, 1])
2024-08-01 15:46:32,467 INFO [main] c.e.d.a.a.AccountAop [AccountAop.java:24] login([1, 1])
2024-08-01 15:46:32,467 INFO [main] c.e.d.a.a.AccountAop [AccountAop.java:24] logout([])
2024-08-01 15:46:32,481 INFO [main] c.e.d.a.a.AccountAop [AccountAop.java:24] login([1, 1])
2024-08-01 15:46:32,486 INFO [main] c.e.d.a.a.AccountAop [AccountAop.java:24] login([1, 1])
2024-08-01 15:46:32,487 INFO [main] c.e.d.a.a.AccountAop [AccountAop.java:24] logout([])
2024-08-01 15:46:32,597 INFO [main] c.e.d.a.a.AccountAop [AccountAop.java:24] login([1, 1])
2024-08-01 15:46:32,598 INFO [main] c.e.d.a.a.AccountAop [AccountAop.java:24] logout([])
2024-08-01 15:46:43,467 INFO [main] c.e.d.a.a.AccountAop [AccountAop.java:24] login([1, 1])
2024-08-01 15:47:12,663 INFO [main] c.e.d.a.a.AccountAop [AccountAop.java:24] login([1, 1])
2024-08-01 15:47:23,772 INFO [main] c.e.d.a.a.AccountAop [AccountAop.java:24] login([1, 1])
2024-08-01 15:47:59,677 INFO [main] c.e.d.a.a.AccountAop [AccountAop.java:24] login([1, 1])
2024-08-01 15:48:01,668 INFO [main] c.e.d.a.a.AccountAop [AccountAop.java:24] login([2, 2])
2024-08-01 15:48:03,630 INFO [main] c.e.d.a.a.AccountAop [AccountAop.java:24] login([1, 3])
2024-08-01 15:48:06,108 INFO [main] c.e.d.a.a.AccountAop [AccountAop.java:24] login([1, 1])
2024-08-01 15:50:53,269 INFO [main] c.e.d.a.a.AccountAop [AccountAop.java:24] login([1, 1])
2024-08-01 15:50:53,281 INFO [main] c.e.d.a.a.AccountAop [AccountAop.java:24] login([1, 1])
2024-08-01 15:50:53,306 INFO [main] c.e.d.a.a.AccountAop [AccountAop.java:24] login([1, 1])
2024-08-01 15:50:53,306 INFO [main] c.e.d.a.a.AccountAop [AccountAop.java:24] logout([])
2024-08-01 15:50:53,454 INFO [main] c.e.d.a.a.AccountAop [AccountAop.java:24] login([1, 1])
2024-08-01 15:50:53,463 INFO [main] c.e.d.a.a.AccountAop [AccountAop.java:24] login([1, 1])
2024-08-01 15:50:53,464 INFO [main] c.e.d.a.a.AccountAop [AccountAop.java:24] logout([])
2024-08-01 15:50:53,477 INFO [main] c.e.d.a.a.AccountAop [AccountAop.java:24] login([1, 1])
2024-08-01 15:50:53,481 INFO [main] c.e.d.a.a.AccountAop [AccountAop.java:24] login([1, 1])
2024-08-01 15:50:53,482 INFO [main] c.e.d.a.a.AccountAop [AccountAop.java:24] logout([])
2024-08-01 15:50:53,589 INFO [main] c.e.d.a.a.AccountAop [AccountAop.java:24] login([1, 1])
2024-08-01 15:50:53,589 INFO [main] c.e.d.a.a.AccountAop [AccountAop.java:24] logout([])
2024-08-01 15:59:32,492 INFO [main] c.e.d.a.a.AccountAop [AccountAop.java:24] login([1, 1])
2024-08-01 16:04:14,107 INFO [main] c.e.d.a.a.AccountAop [AccountAop.java:24] login([1, 1])
2024-08-01 16:04:14,118 INFO [main] c.e.d.a.a.AccountAop [AccountAop.java:24] login([1, 1])
2024-08-01 16:04:14,146 INFO [main] c.e.d.a.a.AccountAop [AccountAop.java:24] login([1, 1])
2024-08-01 16:04:14,146 INFO [main] c.e.d.a.a.AccountAop [AccountAop.java:24] logout([])
2024-08-01 16:04:14,292 INFO [main] c.e.d.a.a.AccountAop [AccountAop.java:24] login([1, 1])
2024-08-01 16:04:14,301 INFO [main] c.e.d.a.a.AccountAop [AccountAop.java:24] login([1, 1])
2024-08-01 16:04:14,302 INFO [main] c.e.d.a.a.AccountAop [AccountAop.java:24] logout([])
2024-08-01 16:04:14,312 INFO [main] c.e.d.a.a.AccountAop [AccountAop.java:24] login([1, 1])
2024-08-01 16:04:14,317 INFO [main] c.e.d.a.a.AccountAop [AccountAop.java:24] login([1, 1])
2024-08-01 16:04:14,318 INFO [main] c.e.d.a.a.AccountAop [AccountAop.java:24] logout([])
2024-08-01 16:04:14,427 INFO [main] c.e.d.a.a.AccountAop [AccountAop.java:24] login([1, 1])
2024-08-01 16:04:14,427 INFO [main] c.e.d.a.a.AccountAop [AccountAop.java:24] logout([])
2024-08-01 16:04:30,094 INFO [main] c.e.d.a.a.AccountAop [AccountAop.java:24] login([1, 1])
2024-08-01 16:04:30,104 INFO [main] c.e.d.a.a.AccountAop [AccountAop.java:24] login([1, 1])
2024-08-01 16:04:30,104 INFO [main] c.e.d.a.a.AccountAop [AccountAop.java:24] logout([])
2024-08-01 16:04:30,229 INFO [main] c.e.d.a.a.AccountAop [AccountAop.java:24] login([1, 1])
2024-08-01 16:04:30,230 INFO [main] c.e.d.a.a.AccountAop [AccountAop.java:24] logout([])
2024-08-01 16:04:30,258 INFO [main] c.e.d.a.a.AccountAop [AccountAop.java:24] login([1, 1])
2024-08-01 16:04:30,263 INFO [main] c.e.d.a.a.AccountAop [AccountAop.java:24] login([1, 1])
2024-08-01 16:04:30,267 INFO [main] c.e.d.a.a.AccountAop [AccountAop.java:24] login([1, 1])
2024-08-01 16:04:30,268 INFO [main] c.e.d.a.a.AccountAop [AccountAop.java:24] logout([])
2024-08-01 16:04:30,399 INFO [main] c.e.d.a.a.AccountAop [AccountAop.java:24] login([1, 1])
2024-08-01 16:04:30,406 INFO [main] c.e.d.a.a.AccountAop [AccountAop.java:24] login([1, 1])
2024-08-01 16:04:30,406 INFO [main] c.e.d.a.a.AccountAop [AccountAop.java:24] logout([])
2024-08-01 16:08:59,463 INFO [main] c.e.d.a.a.AccountAop [AccountAop.java:24] login([1, 1])
2024-08-01 16:08:59,475 INFO [main] c.e.d.a.a.AccountAop [AccountAop.java:24] login([1, 1])
2024-08-01 16:08:59,500 INFO [main] c.e.d.a.a.AccountAop [AccountAop.java:24] login([1, 1])
2024-08-01 16:08:59,501 INFO [main] c.e.d.a.a.AccountAop [AccountAop.java:24] logout([])
2024-08-01 16:08:59,645 INFO [main] c.e.d.a.a.AccountAop [AccountAop.java:24] login([1, 1])
2024-08-01 16:08:59,655 INFO [main] c.e.d.a.a.AccountAop [AccountAop.java:24] login([1, 1])
2024-08-01 16:08:59,655 INFO [main] c.e.d.a.a.AccountAop [AccountAop.java:24] logout([])
2024-08-01 16:08:59,666 INFO [main] c.e.d.a.a.AccountAop [AccountAop.java:24] login([1, 1])
2024-08-01 16:08:59,671 INFO [main] c.e.d.a.a.AccountAop [AccountAop.java:24] login([1, 1])
2024-08-01 16:08:59,671 INFO [main] c.e.d.a.a.AccountAop [AccountAop.java:24] logout([])
2024-08-01 16:08:59,782 INFO [main] c.e.d.a.a.AccountAop [AccountAop.java:24] login([1, 1])
2024-08-01 16:08:59,782 INFO [main] c.e.d.a.a.AccountAop [AccountAop.java:24] logout([])
2024-11-08 09:14:33,921 INFO [main] c.e.d.a.a.AccountAop [AccountAop.java:22] Login attempt - ID: 1, PW: 1
2024-11-08 09:15:04,967 INFO [main] c.e.d.a.a.AccountAop [AccountAop.java:22] Login attempt - ID: 1, PW: 1
2024-11-08 09:18:25,888 INFO [main] c.e.d.a.a.AccountAop [AccountAop.java:22] Login attempt - ID: 1, PW: 1
2024-11-08 09:18:29,702 INFO [main] c.e.d.a.a.AccountAop [AccountAop.java:28] Logout
2024-11-08 09:35:37,445 INFO [main] c.e.d.a.a.AccountAop [AccountAop.java:22] Login attempt - ID: 1, PW: 1
2024-11-08 09:35:37,454 INFO [main] c.e.d.a.a.AccountAop [AccountAop.java:22] Login attempt - ID: 1, PW: 1
2024-11-08 09:35:37,487 INFO [main] c.e.d.a.a.AccountAop [AccountAop.java:22] Login attempt - ID: 1, PW: 1
2024-11-08 09:35:37,488 INFO [main] c.e.d.a.a.AccountAop [AccountAop.java:28] Logout
2024-11-08 10:06:17,891 INFO [main] c.e.d.a.a.AccountAop [AccountAop.java:22] Login attempt - ID: 1, PW: 1
2024-11-08 10:06:17,898 INFO [main] c.e.d.a.a.AccountAop [AccountAop.java:28] Logout
2024-11-08 10:06:23,407 INFO [main] c.e.d.a.a.AccountAop [AccountAop.java:22] Login attempt - ID: 1, PW: 1
2024-11-08 10:08:43,116 INFO [main] c.e.d.a.a.AccountAop [AccountAop.java:22] Login attempt - ID: 1, PW: 1
2024-11-08 10:08:43,124 INFO [main] c.e.d.a.a.AccountAop [AccountAop.java:22] Login attempt - ID: 1, PW: 1
2024-11-08 10:08:43,156 INFO [main] c.e.d.a.a.AccountAop [AccountAop.java:22] Login attempt - ID: 1, PW: 1
2024-11-08 10:08:43,157 INFO [main] c.e.d.a.a.AccountAop [AccountAop.java:28] Logout
2024-11-08 10:13:17,093 INFO [main] c.e.d.a.a.AccountAop [AccountAop.java:22] Login attempt - ID: 1, PW: 1
2024-11-08 10:13:17,104 INFO [main] c.e.d.a.a.AccountAop [AccountAop.java:28] Logout
2024-11-08 10:24:34,592 INFO [main] c.e.d.a.a.AccountAop [AccountAop.java:22] Login attempt - ID: 1, PW: 1
2024-11-08 10:24:34,601 INFO [main] c.e.d.a.a.AccountAop [AccountAop.java:28] Logout
2024-11-08 10:39:44,445 INFO [main] c.e.d.a.a.AccountAop [AccountAop.java:22] Login attempt - ID: 0, PW: null
2024-11-08 10:40:43,792 INFO [main] c.e.d.a.a.AccountAop [AccountAop.java:22] Login attempt - ID: 0, PW: null
2024-11-08 10:41:45,702 INFO [main] c.e.d.a.a.AccountAop [AccountAop.java:22] Login attempt - ID: 1, PW: 1
2024-11-08 10:43:05,505 INFO [main] c.e.d.a.a.AccountAop [AccountAop.java:22] Login attempt - ID: 0, PW: null
2024-11-08 10:43:57,069 INFO [main] c.e.d.a.a.AccountAop [AccountAop.java:22] Login attempt - ID: 1, PW: 1
2024-11-08 10:48:17,324 INFO [main] c.e.d.a.a.AccountAop [AccountAop.java:24] Login attempt - ID: 1, PW: 1
2024-11-08 10:48:17,334 INFO [main] c.e.d.a.a.AccountAop [AccountAop.java:24] Login attempt - ID: 1, PW: 1
2024-11-08 10:48:17,371 INFO [main] c.e.d.a.a.AccountAop [AccountAop.java:24] Login attempt - ID: 1, PW: 1
2024-11-08 10:48:17,372 INFO [main] c.e.d.a.a.AccountAop [AccountAop.java:30] Logout
2024-11-08 10:48:17,378 INFO [main] c.e.d.a.a.AccountAop [AccountAop.java:24] Login attempt - ID: 1, PW: 1
2024-11-08 10:48:34,347 INFO [main] c.e.d.a.a.AccountAop [AccountAop.java:24] Login attempt - ID: 1, PW: 1
2024-11-08 10:48:34,352 INFO [main] c.e.d.a.a.AccountAop [AccountAop.java:30] Logout
2024-11-08 10:49:02,496 INFO [main] c.e.d.a.a.AccountAop [AccountAop.java:30] Logout
2024-11-08 10:49:02,515 INFO [main] c.e.d.a.a.AccountAop [AccountAop.java:30] Logout
2024-11-08 10:49:02,516 INFO [main] c.e.d.a.a.AccountAop [AccountAop.java:24] Login attempt - ID: 1, PW: 1
2024-11-08 10:49:02,525 INFO [main] c.e.d.a.a.AccountAop [AccountAop.java:30] Logout
2024-11-08 10:49:02,525 INFO [main] c.e.d.a.a.AccountAop [AccountAop.java:24] Login attempt - ID: 1, PW: 1
2024-11-08 10:49:02,555 INFO [main] c.e.d.a.a.AccountAop [AccountAop.java:30] Logout
2024-11-08 10:49:02,559 INFO [main] c.e.d.a.a.AccountAop [AccountAop.java:30] Logout
2024-11-08 10:49:02,560 INFO [main] c.e.d.a.a.AccountAop [AccountAop.java:24] Login attempt - ID: 1, PW: 1
2024-11-08 10:49:02,560 INFO [main] c.e.d.a.a.AccountAop [AccountAop.java:30] Logout
2024-11-08 10:49:02,566 INFO [main] c.e.d.a.a.AccountAop [AccountAop.java:30] Logout
2024-11-08 10:49:02,566 INFO [main] c.e.d.a.a.AccountAop [AccountAop.java:24] Login attempt - ID: 1, PW: 1
2024-11-08 10:49:36,942 INFO [main] c.e.d.a.a.AccountAop [AccountAop.java:24] Login attempt - ID: 1, PW: 1
2024-11-08 10:49:36,951 INFO [main] c.e.d.a.a.AccountAop [AccountAop.java:24] Login attempt - ID: 1, PW: 1
2024-11-08 10:49:36,985 INFO [main] c.e.d.a.a.AccountAop [AccountAop.java:24] Login attempt - ID: 1, PW: 1
2024-11-08 10:49:36,985 INFO [main] c.e.d.a.a.AccountAop [AccountAop.java:30] Logout
2024-11-08 10:50:15,828 INFO [main] c.e.d.a.a.AccountAop [AccountAop.java:24] Login attempt - ID: 1, PW: 1
2024-11-08 10:50:15,839 INFO [main] c.e.d.a.a.AccountAop [AccountAop.java:24] Login attempt - ID: 1, PW: 1
2024-11-08 10:50:15,875 INFO [main] c.e.d.a.a.AccountAop [AccountAop.java:24] Login attempt - ID: 1, PW: 1
2024-11-08 10:50:15,876 INFO [main] c.e.d.a.a.AccountAop [AccountAop.java:30] Logout
2024-11-08 10:50:15,883 INFO [main] c.e.d.a.a.AccountAop [AccountAop.java:24] Login attempt - ID: 1, PW: 1
2024-11-08 10:50:41,001 INFO [main] c.e.d.a.a.AccountAop [AccountAop.java:24] Login attempt - ID: 1, PW: 1
2024-11-08 10:50:41,012 INFO [main] c.e.d.a.a.AccountAop [AccountAop.java:24] Login attempt - ID: 1, PW: 1
2024-11-08 10:50:41,046 INFO [main] c.e.d.a.a.AccountAop [AccountAop.java:24] Login attempt - ID: 1, PW: 1
2024-11-08 10:50:41,047 INFO [main] c.e.d.a.a.AccountAop [AccountAop.java:30] Logout
2024-11-08 10:50:41,062 INFO [main] c.e.d.a.a.AccountAop [AccountAop.java:24] Login attempt - ID: 0, PW: null
2024-11-08 10:51:16,668 INFO [main] c.e.d.a.a.AccountAop [AccountAop.java:24] Login attempt - ID: 1, PW: 1
2024-11-08 10:51:16,678 INFO [main] c.e.d.a.a.AccountAop [AccountAop.java:24] Login attempt - ID: 1, PW: 1
2024-11-08 10:51:16,712 INFO [main] c.e.d.a.a.AccountAop [AccountAop.java:24] Login attempt - ID: 1, PW: 1
2024-11-08 10:51:16,713 INFO [main] c.e.d.a.a.AccountAop [AccountAop.java:30] Logout
2024-11-08 10:51:16,720 INFO [main] c.e.d.a.a.AccountAop [AccountAop.java:24] Login attempt - ID: 1, PW: 1
2024-11-08 10:54:14,771 INFO [main] c.e.d.a.a.AccountAop [AccountAop.java:24] Login attempt - ID: 1, PW: 1
2024-11-08 10:54:20,367 INFO [main] c.e.d.a.a.AccountAop [AccountAop.java:30] Logout
2024-11-08 10:54:30,532 INFO [main] c.e.d.a.a.AccountAop [AccountAop.java:24] Login attempt - ID: 1, PW: 1
2024-11-08 10:57:00,707 INFO [main] c.e.d.a.a.AccountAop [AccountAop.java:24] Login attempt - ID: 1, PW: 1
2024-11-08 10:57:31,405 INFO [main] c.e.d.a.a.AccountAop [AccountAop.java:24] Login attempt - ID: 1, PW: 1
2024-11-08 10:59:30,923 INFO [main] c.e.d.a.a.AccountAop [AccountAop.java:24] Login attempt - ID: 1, PW: 1
2024-11-08 10:59:30,934 INFO [main] c.e.d.a.a.AccountAop [AccountAop.java:24] Login attempt - ID: 1, PW: 1
2024-11-08 10:59:30,974 INFO [main] c.e.d.a.a.AccountAop [AccountAop.java:24] Login attempt - ID: 1, PW: 1
2024-11-08 10:59:30,974 INFO [main] c.e.d.a.a.AccountAop [AccountAop.java:30] Logout
2024-11-08 10:59:30,981 INFO [main] c.e.d.a.a.AccountAop [AccountAop.java:24] Login attempt - ID: 1, PW: 1
2024-11-08 10:59:39,757 INFO [main] c.e.d.a.a.AccountAop [AccountAop.java:24] Login attempt - ID: 1, PW: 1
2024-11-08 10:59:39,768 INFO [main] c.e.d.a.a.AccountAop [AccountAop.java:24] Login attempt - ID: 1, PW: 1
2024-11-08 10:59:39,803 INFO [main] c.e.d.a.a.AccountAop [AccountAop.java:24] Login attempt - ID: 1, PW: 1
2024-11-08 10:59:39,804 INFO [main] c.e.d.a.a.AccountAop [AccountAop.java:30] Logout
2024-11-08 10:59:39,810 INFO [main] c.e.d.a.a.AccountAop [AccountAop.java:24] Login attempt - ID: 1, PW: 1
2024-11-08 11:20:22,409 INFO [main] c.e.d.a.a.AccountAop [AccountAop.java:24] Login attempt - ID: 1, PW: 1
2024-11-08 11:20:22,424 INFO [main] c.e.d.a.a.AccountAop [AccountAop.java:24] Login attempt - ID: 1, PW: 1
2024-11-08 11:20:22,464 INFO [main] c.e.d.a.a.AccountAop [AccountAop.java:24] Login attempt - ID: 1, PW: 1
2024-11-08 11:20:22,465 INFO [main] c.e.d.a.a.AccountAop [AccountAop.java:30] Logout
2024-11-08 11:20:22,469 INFO [main] c.e.d.a.a.AccountAop [AccountAop.java:24] Login attempt - ID: 1, PW: 1
2024-11-08 11:20:53,887 INFO [main] c.e.d.a.a.AccountAop [AccountAop.java:24] Login attempt - ID: 1, PW: 1
2024-11-08 11:21:08,903 INFO [main] c.e.d.a.a.AccountAop [AccountAop.java:30] Logout
2024-11-08 11:21:14,032 INFO [main] c.e.d.a.a.AccountAop [AccountAop.java:24] Login attempt - ID: 2, PW: 2
2024-11-08 11:22:29,159 INFO [main] c.e.d.a.a.AccountAop [AccountAop.java:24] Login attempt - ID: 1, PW: 1
2024-11-08 13:06:35,732 INFO [main] c.e.d.a.a.AccountAop [AccountAop.java:24] Login attempt - ID: 1, PW: 1
2024-11-08 13:09:53,395 INFO [main] c.e.d.a.a.AccountAop [AccountAop.java:24] Login attempt - ID: 1, PW: 1
2024-11-08 13:09:53,403 INFO [main] c.e.d.a.a.AccountAop [AccountAop.java:30] Logout
2024-11-08 13:15:01,300 INFO [main] c.e.d.a.a.AccountAop [AccountAop.java:24] login attempt - ID: 1, PW: 1
2024-11-08 13:15:01,312 INFO [main] c.e.d.a.a.AccountAop [AccountAop.java:30] Logout
2024-11-08 13:15:24,588 INFO [main] c.e.d.a.a.AccountAop [AccountAop.java:24] login attempt - ID: 1, PW: 1
2024-11-08 13:15:24,593 INFO [main] c.e.d.a.a.AccountAop [AccountAop.java:30] logout
2024-11-08 13:22:27,555 INFO [main] c.e.d.a.a.AccountAop [AccountAop.java:24] login attempt - ID: 1, PW: 1
2024-11-08 13:22:27,572 INFO [main] c.e.d.a.a.AccountAop [AccountAop.java:24] login attempt - ID: 1, PW: 1
2024-11-08 13:22:27,607 INFO [main] c.e.d.a.a.AccountAop [AccountAop.java:24] login attempt - ID: 1, PW: 1
2024-11-08 13:22:27,607 INFO [main] c.e.d.a.a.AccountAop [AccountAop.java:30] logout
2024-11-08 13:22:27,613 INFO [main] c.e.d.a.a.AccountAop [AccountAop.java:24] login attempt - ID: 1, PW: 1
2024-11-08 13:23:05,361 INFO [main] c.e.d.a.a.AccountAop [AccountAop.java:24] login attempt - ID: 1, PW: 1
2024-11-08 13:23:05,374 INFO [main] c.e.d.a.a.AccountAop [AccountAop.java:24] login attempt - ID: 1, PW: 1
2024-11-08 13:23:05,406 INFO [main] c.e.d.a.a.AccountAop [AccountAop.java:24] login attempt - ID: 1, PW: 1
2024-11-08 13:23:05,408 INFO [main] c.e.d.a.a.AccountAop [AccountAop.java:30] logout
2024-11-08 13:23:05,411 INFO [main] c.e.d.a.a.AccountAop [AccountAop.java:24] login attempt - ID: 1, PW: 1
2024-11-08 13:59:07,688 INFO [main] c.e.d.a.a.AccountAop [AccountAop.java:24] login attempt - ID: 1, PW: 1
2024-11-08 13:59:07,715 INFO [main] c.e.d.a.a.AccountAop [AccountAop.java:30] logout
2024-11-08 13:59:07,716 INFO [main] c.e.d.a.a.AccountAop [AccountAop.java:24] login attempt - ID: 1, PW: 1
2024-11-08 13:59:07,721 INFO [main] c.e.d.a.a.AccountAop [AccountAop.java:30] logout
2024-11-08 14:02:16,874 INFO [main] c.e.d.a.a.AccountAop [AccountAop.java:24] login attempt - ID: 1, PW: 1
2024-11-08 14:02:16,887 INFO [main] c.e.d.a.a.AccountAop [AccountAop.java:24] login attempt - ID: 1, PW: 1
2024-11-08 14:03:12,161 INFO [main] c.e.d.a.a.AccountAop [AccountAop.java:24] login attempt - ID: 1, PW: 1
2024-11-08 14:03:12,167 INFO [main] c.e.d.a.a.AccountAop [AccountAop.java:24] login attempt - ID: 1, PW: 1
2024-11-08 14:03:12,185 INFO [main] c.e.d.a.a.AccountAop [AccountAop.java:30] logout
2024-11-08 14:03:12,186 INFO [main] c.e.d.a.a.AccountAop [AccountAop.java:24] login attempt - ID: 1, PW: 1
2024-11-08 14:03:12,187 INFO [main] c.e.d.a.a.AccountAop [AccountAop.java:30] logout
2024-11-08 14:04:41,973 INFO [main] c.e.d.a.a.AccountAop [AccountAop.java:24] login attempt - ID: 1, PW: 1
2024-11-08 14:04:41,987 INFO [main] c.e.d.a.a.AccountAop [AccountAop.java:24] login attempt - ID: 1, PW: 1
2024-11-08 14:04:41,988 INFO [main] c.e.d.a.a.AccountAop [AccountAop.java:30] logout
