1722486719063:login
1722486724481:logi 1 1
1722486730344:login 1 1
1722487141069:help
1722487145688:bill-total
1722487150682:city
1722487183924:login 1 1
1722487186556:city
1722487225930:1 1 login
1722487228573:login 1 1
1722487230176:city
1722487397159:bill-total 동두천시 가정용 10
1722487478441:login 1 1
1722487482098:bill-total 동두천시 가정용 10
1722487519586:llogin 1 1
1722487522523:login 1 1
1722487523422:bill-total 동두천시 가정용 10
1722487548881:login 1 1
1722487553927:bill-total 동두천시 가정용 10
1722487608584:login 1 1
1722487610217:bill-total 동두천시 가정용 10
1722487716675:login 1 1
1722487720283:bill-total 동두천시 가정용 10
1722494803439:login 1 1
1722494881662:login 2 2
1722494883627:login 1 3
1722494886106:login 1 1
1730959439802:1 1
1730959445571:login 1 1
1730959756843:login 1
1730959762789:login 1 1
1730963470462:logout
1730963487862:current-uesr
1730963510204:currentuser
1730963556004:login 1
1730963561425:login 1 1
1730963567103:logout
1730963573131:login 1 1
1730963606863:log 1
1730963615087:logout
1730963623196:login 1 1
1730963632255:current-user
1730963640730:logout
1730963648375:current-user
1730965039491:city
1730965156961:stacktrace
1730965414110:city
1730965431478:sector 동두천시
1730965444928:price 동두천시 가정용
1730965722696:bill-total 동두천시 가장용 10
1730966818514:bill-total 동두천시 가정용 10
1730967141279:city
1730967831256:login 1 1
1730967885721:city
1730967893448:login 1 1
1730968680600:lodin 1 1
1730968687009:login 1 1
1731024869474:ogin 1 1
1731024873874:login 1 1
1731024891901:logout
1731024904926:login 1 1
1731024908727:logput
1731024913444:logout
1731024992304:login 1 1
1731024996433:login 2 2
1731025002918:logout
1731025105846:login 1 1
1731025109700:logout
1731025413906:city
1731025706330:sector 동두천시
1731025720835:price 동두천시 10
1731025734606:price 동두천시 가정용
1731025764447:bill-total 동두천시 가정용 10
1731026113948:city
1731026913803:sector 동두천시
1731030854733:login 1 1
1731030860365:logout
1731030865849:city
1731030870530:login 1 1
1731030872857:city
1731032453826:login 1 1
1731032457223:cuty
1731032461544:city
1731032468902:logout
1731032474030:login 2 2
1731032477550:city
1731032549101:login 1 1
1731032555400:city
1731038795675:login 1 1
